<?xml version="1.0" encoding="UTF-8"?>
<testng-results ignored="0" total="1" passed="1" failed="0" skipped="0">
  <reporter-output>
  </reporter-output>
  <suite started-at="2022-11-21T13:53:37 IST" name="Vetan_MoolV1" finished-at="2022-11-21T13:55:38 IST" duration-ms="120743">
    <groups>
    </groups>
    <test started-at="2022-11-21T13:53:37 IST" name="Mool Login Flow Chrome" finished-at="2022-11-21T13:55:38 IST" duration-ms="120743">
      <class name="com.vetan.mool.TestCases.TC_LandingPageCalculator_001">
        <test-method is-config="true" signature="setup(java.lang.String)[pri:0, instance:com.vetan.mool.TestCases.TC_LandingPageCalculator_001@65466a6a]" started-at="2022-11-21T13:53:37 IST" name="setup" finished-at="2022-11-21T13:53:59 IST" duration-ms="21731" status="PASS">
          <params>
            <param index="0">
              <value>
                <![CDATA[chrome]]>
              </value>
            </param>
          </params>
          <reporter-output>
          </reporter-output>
        </test-method> <!-- setup -->
        <test-method signature="LandingPageCalculator()[pri:0, instance:com.vetan.mool.TestCases.TC_LandingPageCalculator_001@65466a6a]" started-at="2022-11-21T13:53:59 IST" name="LandingPageCalculator" finished-at="2022-11-21T13:55:38 IST" duration-ms="98734" status="PASS">
          <reporter-output>
          </reporter-output>
        </test-method> <!-- LandingPageCalculator -->
        <test-method is-config="true" signature="tearDown()[pri:0, instance:com.vetan.mool.TestCases.TC_LandingPageCalculator_001@65466a6a]" started-at="2022-11-21T13:55:38 IST" name="tearDown" finished-at="2022-11-21T13:55:38 IST" duration-ms="188" status="PASS">
          <reporter-output>
          </reporter-output>
        </test-method> <!-- tearDown -->
      </class> <!-- com.vetan.mool.TestCases.TC_LandingPageCalculator_001 -->
    </test> <!-- Mool Login Flow Chrome -->
  </suite> <!-- Vetan_MoolV1 -->
</testng-results>
