<?xml version="1.0" encoding="UTF-8"?>
<testng-results ignored="0" total="1" passed="1" failed="0" skipped="0">
  <reporter-output>
  </reporter-output>
  <suite started-at="2022-11-12T16:34:25 IST" name="Vetan_MoolV1" finished-at="2022-11-12T16:35:08 IST" duration-ms="43178">
    <groups>
    </groups>
    <test started-at="2022-11-12T16:34:25 IST" name="Mool Login Flow Chrome" finished-at="2022-11-12T16:35:08 IST" duration-ms="43178">
      <class name="com.vetan.mool.TestCases.TC_Attendance_001">
        <test-method is-config="true" signature="setup(java.lang.String)[pri:0, instance:com.vetan.mool.TestCases.TC_Attendance_001@163e4e87]" started-at="2022-11-12T16:34:25 IST" name="setup" finished-at="2022-11-12T16:34:39 IST" duration-ms="14130" status="PASS">
          <params>
            <param index="0">
              <value>
                <![CDATA[chrome]]>
              </value>
            </param>
          </params>
          <reporter-output>
          </reporter-output>
        </test-method> <!-- setup -->
        <test-method signature="AttendanceTest()[pri:0, instance:com.vetan.mool.TestCases.TC_Attendance_001@163e4e87]" started-at="2022-11-12T16:34:39 IST" name="AttendanceTest" finished-at="2022-11-12T16:35:08 IST" duration-ms="28785" status="PASS">
          <reporter-output>
          </reporter-output>
        </test-method> <!-- AttendanceTest -->
        <test-method is-config="true" signature="tearDown()[pri:0, instance:com.vetan.mool.TestCases.TC_Attendance_001@163e4e87]" started-at="2022-11-12T16:35:08 IST" name="tearDown" finished-at="2022-11-12T16:35:08 IST" duration-ms="161" status="PASS">
          <reporter-output>
          </reporter-output>
        </test-method> <!-- tearDown -->
      </class> <!-- com.vetan.mool.TestCases.TC_Attendance_001 -->
    </test> <!-- Mool Login Flow Chrome -->
  </suite> <!-- Vetan_MoolV1 -->
</testng-results>
