<?xml version="1.0" encoding="UTF-8"?>
<testng-results ignored="0" total="1" passed="1" failed="0" skipped="0">
  <reporter-output>
  </reporter-output>
  <suite started-at="2022-09-16T12:54:47 IST" name="Vetan_MoolV1" finished-at="2022-09-16T12:55:10 IST" duration-ms="23156">
    <groups>
    </groups>
    <test started-at="2022-09-16T12:54:47 IST" name="Mool Vetan Test" finished-at="2022-09-16T12:55:10 IST" duration-ms="23156">
      <class name="com.vetan.mool.TestCases.TC_LoginFlow_001">
        <test-method is-config="true" signature="setup(java.lang.String)[pri:0, instance:com.vetan.mool.TestCases.TC_LoginFlow_001@7d0b7e3c]" started-at="2022-09-16T12:54:47 IST" name="setup" finished-at="2022-09-16T12:54:55 IST" duration-ms="7773" status="PASS">
          <params>
            <param index="0">
              <value>
                <![CDATA[chrome]]>
              </value>
            </param>
          </params>
          <reporter-output>
          </reporter-output>
        </test-method> <!-- setup -->
        <test-method signature="LoginTest()[pri:0, instance:com.vetan.mool.TestCases.TC_LoginFlow_001@7d0b7e3c]" started-at="2022-09-16T12:54:55 IST" name="LoginTest" finished-at="2022-09-16T12:55:10 IST" duration-ms="14910" status="PASS">
          <reporter-output>
          </reporter-output>
        </test-method> <!-- LoginTest -->
        <test-method is-config="true" signature="tearDown()[pri:0, instance:com.vetan.mool.TestCases.TC_LoginFlow_001@7d0b7e3c]" started-at="2022-09-16T12:55:10 IST" name="tearDown" finished-at="2022-09-16T12:55:10 IST" duration-ms="113" status="PASS">
          <reporter-output>
          </reporter-output>
        </test-method> <!-- tearDown -->
      </class> <!-- com.vetan.mool.TestCases.TC_LoginFlow_001 -->
    </test> <!-- Mool Vetan Test -->
  </suite> <!-- Vetan_MoolV1 -->
</testng-results>
